<?xml version="1.0" encoding="UTF-8"?>
<!-- Generated by org.testng.reporters.JUnitReportReporter -->
<testsuite skipped="0" hostname="DESKTOP-THFSISU" name="com.crm.Sdet18Api.DemoTest" tests="1" failures="0" timestamp="04 Aug 2021 08:09:18 GMT" time="0.017" errors="0">
  <testcase name="demo" time="0.017" classname="com.crm.Sdet18Api.DemoTest"/>
</testsuite> <!-- com.crm.Sdet18Api.DemoTest -->
